2025-10-11 00:41:42.089686: I tensorflow/core/util/port.cc:113] oneDNN custom operations are on. You may see slightly different numerical results due to floating-point round-off errors from different computation orders. To turn them off, set the environment variable `TF_ENABLE_ONEDNN_OPTS=0`.
2025-10-11 00:41:42.129063: I tensorflow/core/platform/cpu_feature_guard.cc:210] This TensorFlow binary is optimized to use available CPU instructions in performance-critical operations.
To enable the following instructions: AVX2 AVX512F AVX512_VNNI AVX512_BF16 AVX512_FP16 AVX_VNNI AMX_TILE AMX_INT8 AMX_BF16 FMA, in other operations, rebuild TensorFlow with the appropriate compiler flags.
2025-10-11 00:41:43.463819: W tensorflow/compiler/tf2tensorrt/utils/py_utils.cc:38] TF-TRT Warning: Could not find TensorRT
2025-10-11 00:41:53.103036: I tensorflow/core/common_runtime/gpu/gpu_device.cc:1928] Created device /job:localhost/replica:0/task:0/device:GPU:0 with 78668 MB memory:  -> device: 0, name: NVIDIA H100 80GB HBM3, pci bus id: 0000:d2:00.0, compute capability: 9.0
2025-10-11 00:41:53.109416: I tensorflow/core/common_runtime/gpu/gpu_device.cc:1928] Created device /job:localhost/replica:0/task:0/device:GPU:1 with 78668 MB memory:  -> device: 1, name: NVIDIA H100 80GB HBM3, pci bus id: 0000:e4:00.0, compute capability: 9.0
WARNING: All log messages before absl::InitializeLog() is called are written to STDERR
I0000 00:00:1760157714.608784  985503 service.cc:145] XLA service 0x14c534009440 initialized for platform CUDA (this does not guarantee that XLA will be used). Devices:
I0000 00:00:1760157714.608818  985503 service.cc:153]   StreamExecutor device (0): NVIDIA H100 80GB HBM3, Compute Capability 9.0
I0000 00:00:1760157714.608820  985503 service.cc:153]   StreamExecutor device (1): NVIDIA H100 80GB HBM3, Compute Capability 9.0
2025-10-11 00:41:54.625509: I tensorflow/compiler/mlir/tensorflow/utils/dump_mlir_util.cc:268] disabling MLIR crash reproducer, set env var `MLIR_CRASH_REPRODUCER_DIRECTORY` to enable.
2025-10-11 00:41:54.764446: I external/local_xla/xla/stream_executor/cuda/cuda_dnn.cc:465] Loaded cuDNN version 8907
I0000 00:00:1760157716.110754  985503 device_compiler.h:188] Compiled cluster using XLA!  This line is logged at most once for the lifetime of the process.
/home/corte911/.conda/envs/jupyter_env/lib/python3.12/site-packages/keras/src/callbacks/early_stopping.py:99: UserWarning: Early stopping conditioned on metric `val_loss` which is not available. Available metrics are: loss
  current = self.get_monitor_value(logs)
/home/corte911/.conda/envs/jupyter_env/lib/python3.12/site-packages/keras/src/callbacks/early_stopping.py:99: UserWarning: Early stopping conditioned on metric `val_loss` which is not available. Available metrics are: loss
  current = self.get_monitor_value(logs)
/home/corte911/.conda/envs/jupyter_env/lib/python3.12/site-packages/keras/src/callbacks/early_stopping.py:99: UserWarning: Early stopping conditioned on metric `val_loss` which is not available. Available metrics are: loss
  current = self.get_monitor_value(logs)
/home/corte911/.conda/envs/jupyter_env/lib/python3.12/site-packages/keras/src/callbacks/early_stopping.py:99: UserWarning: Early stopping conditioned on metric `val_loss` which is not available. Available metrics are: loss
  current = self.get_monitor_value(logs)
/home/corte911/.conda/envs/jupyter_env/lib/python3.12/site-packages/keras/src/callbacks/early_stopping.py:99: UserWarning: Early stopping conditioned on metric `val_loss` which is not available. Available metrics are: loss
  current = self.get_monitor_value(logs)
/home/corte911/.conda/envs/jupyter_env/lib/python3.12/site-packages/keras/src/callbacks/early_stopping.py:99: UserWarning: Early stopping conditioned on metric `val_loss` which is not available. Available metrics are: loss
  current = self.get_monitor_value(logs)
/home/corte911/.conda/envs/jupyter_env/lib/python3.12/site-packages/keras/src/callbacks/early_stopping.py:99: UserWarning: Early stopping conditioned on metric `val_loss` which is not available. Available metrics are: loss
  current = self.get_monitor_value(logs)
/home/corte911/.conda/envs/jupyter_env/lib/python3.12/site-packages/keras/src/callbacks/early_stopping.py:99: UserWarning: Early stopping conditioned on metric `val_loss` which is not available. Available metrics are: loss
  current = self.get_monitor_value(logs)
/home/corte911/.conda/envs/jupyter_env/lib/python3.12/site-packages/keras/src/callbacks/early_stopping.py:99: UserWarning: Early stopping conditioned on metric `val_loss` which is not available. Available metrics are: loss
  current = self.get_monitor_value(logs)
/home/corte911/.conda/envs/jupyter_env/lib/python3.12/site-packages/keras/src/callbacks/early_stopping.py:99: UserWarning: Early stopping conditioned on metric `val_loss` which is not available. Available metrics are: loss
  current = self.get_monitor_value(logs)
/home/corte911/.conda/envs/jupyter_env/lib/python3.12/site-packages/keras/src/callbacks/early_stopping.py:99: UserWarning: Early stopping conditioned on metric `val_loss` which is not available. Available metrics are: loss
  current = self.get_monitor_value(logs)
/home/corte911/.conda/envs/jupyter_env/lib/python3.12/site-packages/keras/src/callbacks/early_stopping.py:99: UserWarning: Early stopping conditioned on metric `val_loss` which is not available. Available metrics are: loss
  current = self.get_monitor_value(logs)
/home/corte911/.conda/envs/jupyter_env/lib/python3.12/site-packages/keras/src/callbacks/early_stopping.py:99: UserWarning: Early stopping conditioned on metric `val_loss` which is not available. Available metrics are: loss
  current = self.get_monitor_value(logs)
slurmstepd: error: *** JOB 5302849 ON node2906 CANCELLED AT 2025-10-11T06:41:43 DUE TO TIME LIMIT ***
